
> my-storybook@1.0.0 build-storybook
> storybook build --output-dir=/var/folders/5_/mzldl1j933qdy7vqt3gvxlvw0000gn/T/chromatic--14014-04dudo7l88d2


[90m┌[39m  Building storybook v10.3.5
[90m│[39m
[32m◇[39m  Cleaning outputDir:
[90m│[39m  [36m../../../../var/folders/5_/mzldl1j933qdy7vqt3gvxlvw0000gn/T/chromatic--14014-04dudo7l88d2[39m
[90m│[39m
[32m◇[39m  Loading presets
[90m│[39m
[32m◇[39m  Building manager..
[90m│[39m
[34m●[39m  Building preview..
[90m│[39m  [43mVite[49m [36mvite v8.0.10 [32mbuilding client environment for production...[36m[39m
[90m│[39m
[33m▲[39m  No story files found for the specified pattern: [34mstories/**/*.mdx[39m
[2Ktransforming...✓ 173 modules transformed.
rendering chunks...
computing gzip size...
[90m│[39m  [43mVite[49m
[90m│[39m  ../../../../var/folders/5_/mzldl1j933qdy7vqt3gvxlvw0000gn/T/chromatic--14014-04dudo7l88d2/iframe.html
[90m│[39m  18.66 kB │ gzip:   5.26 kB
[90m│[39m  ../../../../var/folders/5_/mzldl1j933qdy7vqt3gvxlvw0000gn/T/chromatic--14014-04dudo7l88d2/assets/Breadcrumbs-BDc4X_c-.css
[90m│[39m  0.79 kB │ gzip:   0.34 kB
[90m│[39m  ../../../../var/folders/5_/mzldl1j933qdy7vqt3gvxlvw0000gn/T/chromatic--14014-04dudo7l88d2/assets/InformationPanel-6wZ6Az0W.css
[90m│[39m  1.30 kB │ gzip:   0.48 kB
[90m│[39m  ../../../../var/folders/5_/mzldl1j933qdy7vqt3gvxlvw0000gn/T/chromatic--14014-04dudo7l88d2/assets/RadioButton-Cvj7BAa2.css
[90m│[39m  1.31 kB │ gzip:   0.51 kB
[90m│[39m  ../../../../var/folders/5_/mzldl1j933qdy7vqt3gvxlvw0000gn/T/chromatic--14014-04dudo7l88d2/assets/Dialog-D39AQ-P6.css
[90m│[39m  1.36 kB │ gzip:   0.45 kB
[90m│[39m  ../../../../var/folders/5_/mzldl1j933qdy7vqt3gvxlvw0000gn/T/chromatic--14014-04dudo7l88d2/assets/Icon-D4lJb0hm.css
[90m│[39m  1.75 kB │ gzip:   0.55 kB
[90m│[39m  ../../../../var/folders/5_/mzldl1j933qdy7vqt3gvxlvw0000gn/T/chromatic--14014-04dudo7l88d2/assets/ColorPalettes-BTvriVGJ.css
[90m│[39m  1.90 kB │ gzip:   0.53 kB
[90m│[39m  ../../../../var/folders/5_/mzldl1j933qdy7vqt3gvxlvw0000gn/T/chromatic--14014-04dudo7l88d2/assets/Modal-Bzb2yURF.css
[90m│[39m  1.90 kB │ gzip:   0.57 kB
[90m│[39m  ../../../../var/folders/5_/mzldl1j933qdy7vqt3gvxlvw0000gn/T/chromatic--14014-04dudo7l88d2/assets/Button-BYwkwLqm.css
[90m│[39m  2.27 kB │ gzip:   0.57 kB
[90m│[39m  ../../../../var/folders/5_/mzldl1j933qdy7vqt3gvxlvw0000gn/T/chromatic--14014-04dudo7l88d2/assets/Spacing-TwaGx1r_.css
[90m│[39m  2.30 kB │ gzip:   0.60 kB
[90m│[39m  ../../../../var/folders/5_/mzldl1j933qdy7vqt3gvxlvw0000gn/T/chromatic--14014-04dudo7l88d2/assets/Typography-DuDvtRrL.css
[90m│[39m  2.73 kB │ gzip:   0.62 kB
[90m│[39m  ../../../../var/folders/5_/mzldl1j933qdy7vqt3gvxlvw0000gn/T/chromatic--14014-04dudo7l88d2/assets/SemanticColor-BSz1bCeE.css
[90m│[39m  2.76 kB │ gzip:   0.62 kB
[90m│[39m  ../../../../var/folders/5_/mzldl1j933qdy7vqt3gvxlvw0000gn/T/chromatic--14014-04dudo7l88d2/assets/chunk-CYSK6WYR-BUvck14S.js
[90m│[39m  0.15 kB │ gzip:   0.13 kB
[90m│[39m  ../../../../var/folders/5_/mzldl1j933qdy7vqt3gvxlvw0000gn/T/chromatic--14014-04dudo7l88d2/assets/formatter-EIJCOSYU-C4MVszN5.js
[90m│[39m  0.26 kB │ gzip:   0.21 kB
[90m│[39m  ../../../../var/folders/5_/mzldl1j933qdy7vqt3gvxlvw0000gn/T/chromatic--14014-04dudo7l88d2/assets/react-pjoPW_VL.js
[90m│[39m  0.52 kB │ gzip:   0.32 kB
[90m│[39m  ../../../../var/folders/5_/mzldl1j933qdy7vqt3gvxlvw0000gn/T/chromatic--14014-04dudo7l88d2/assets/chunk-DnJy8xQt.js
[90m│[39m  1.12 kB │ gzip:   0.63 kB
[90m│[39m  ../../../../var/folders/5_/mzldl1j933qdy7vqt3gvxlvw0000gn/T/chromatic--14014-04dudo7l88d2/assets/preload-helper-DVWkohm0.js
[90m│[39m  1.27 kB │ gzip:   0.74 kB
[90m│[39m  ../../../../var/folders/5_/mzldl1j933qdy7vqt3gvxlvw0000gn/T/chromatic--14014-04dudo7l88d2/assets/chunk-242VQQM5-DKLGwqNx.js
[90m│[39m  3.74 kB │ gzip:   1.45 kB
[90m│[39m  ../../../../var/folders/5_/mzldl1j933qdy7vqt3gvxlvw0000gn/T/chromatic--14014-04dudo7l88d2/assets/chunk-3LY4VQVK-5NwLxP4P.js
[90m│[39m  4.02 kB │ gzip:   1.70 kB
[90m│[39m  ../../../../var/folders/5_/mzldl1j933qdy7vqt3gvxlvw0000gn/T/chromatic--14014-04dudo7l88d2/assets/Spacing.stories-BLSnsDl7.js
[90m│[39m  6.39 kB │ gzip:   2.07 kB
[90m│[39m  ../../../../var/folders/5_/mzldl1j933qdy7vqt3gvxlvw0000gn/T/chromatic--14014-04dudo7l88d2/assets/ColorPalettes.stories-DRSfEsP2.js
[90m│[39m  6.57 kB │ gzip:   2.55 kB
[90m│[39m  ../../../../var/folders/5_/mzldl1j933qdy7vqt3gvxlvw0000gn/T/chromatic--14014-04dudo7l88d2/assets/Dialog.stories-DXcI3S9D.js
[90m│[39m  6.98 kB │ gzip:   2.61 kB
[90m│[39m  ../../../../var/folders/5_/mzldl1j933qdy7vqt3gvxlvw0000gn/T/chromatic--14014-04dudo7l88d2/assets/react-Baqbuk-D.js
[90m│[39m  7.52 kB │ gzip:   2.87 kB
[90m│[39m  ../../../../var/folders/5_/mzldl1j933qdy7vqt3gvxlvw0000gn/T/chromatic--14014-04dudo7l88d2/assets/Breadcrumbs.stories-BlLRcf9l.js
[90m│[39m  7.77 kB │ gzip:   2.82 kB
[90m│[39m  ../../../../var/folders/5_/mzldl1j933qdy7vqt3gvxlvw0000gn/T/chromatic--14014-04dudo7l88d2/assets/RadioButton.stories-QT5IuMkS.js
[90m│[39m  9.10 kB │ gzip:   3.17 kB
[90m│[39m  ../../../../var/folders/5_/mzldl1j933qdy7vqt3gvxlvw0000gn/T/chromatic--14014-04dudo7l88d2/assets/Modal.stories-DG2sD3hk.js
[90m│[39m  9.17 kB │ gzip:   3.82 kB
[90m│[39m  ../../../../var/folders/5_/mzldl1j933qdy7vqt3gvxlvw0000gn/T/chromatic--14014-04dudo7l88d2/assets/Button.stories-BfO5rTcd.js
[90m│[39m  10.97 kB │ gzip:   3.46 kB
[90m│[39m  ../../../../var/folders/5_/mzldl1j933qdy7vqt3gvxlvw0000gn/T/chromatic--14014-04dudo7l88d2/assets/Icon.stories-BIqtpQ3a.js
[90m│[39m  12.61 kB │ gzip:   4.70 kB
[90m│[39m  ../../../../var/folders/5_/mzldl1j933qdy7vqt3gvxlvw0000gn/T/chromatic--14014-04dudo7l88d2/assets/SemanticColor.stories-INdo1HYP.js
[90m│[39m  12.94 kB │ gzip:   3.48 kB
[90m│[39m  ../../../../var/folders/5_/mzldl1j933qdy7vqt3gvxlvw0000gn/T/chromatic--14014-04dudo7l88d2/assets/InformationPanel.stories-CDK2s_5_.js
[90m│[39m  14.53 kB │ gzip:   3.84 kB
[90m│[39m  ../../../../var/folders/5_/mzldl1j933qdy7vqt3gvxlvw0000gn/T/chromatic--14014-04dudo7l88d2/assets/Typography.stories-TtIMGvwU.js
[90m│[39m  18.17 kB │ gzip:   3.72 kB
[90m│[39m  ../../../../var/folders/5_/mzldl1j933qdy7vqt3gvxlvw0000gn/T/chromatic--14014-04dudo7l88d2/assets/chunk-RD3KTAHR-BurE3pQF.js
[90m│[39m  21.08 kB │ gzip:   7.08 kB
[90m│[39m  ../../../../var/folders/5_/mzldl1j933qdy7vqt3gvxlvw0000gn/T/chromatic--14014-04dudo7l88d2/vite-inject-mocker-entry.js
[90m│[39m  27.85 kB │ gzip:   9.64 kB
[90m│[39m  ../../../../var/folders/5_/mzldl1j933qdy7vqt3gvxlvw0000gn/T/chromatic--14014-04dudo7l88d2/assets/matchers-5TDFFDYO-CPpt-egH.js
[90m│[39m  28.81 kB │ gzip:   9.67 kB
[90m│[39m  ../../../../var/folders/5_/mzldl1j933qdy7vqt3gvxlvw0000gn/T/chromatic--14014-04dudo7l88d2/assets/Color-FRDS63T2-BQdp8u4x.js
[90m│[39m  30.84 kB │ gzip:  11.56 kB
[90m│[39m  ../../../../var/folders/5_/mzldl1j933qdy7vqt3gvxlvw0000gn/T/chromatic--14014-04dudo7l88d2/assets/WithTooltip-65CFNBJE-D3kctdyz.js
[90m│[39m  33.23 kB │ gzip:  11.66 kB
[90m│[39m  ../../../../var/folders/5_/mzldl1j933qdy7vqt3gvxlvw0000gn/T/chromatic--14014-04dudo7l88d2/assets/theming-DV19RISI.js
[90m│[39m  55.33 kB │ gzip:  21.38 kB
[90m│[39m  ../../../../var/folders/5_/mzldl1j933qdy7vqt3gvxlvw0000gn/T/chromatic--14014-04dudo7l88d2/assets/syntaxhighlighter-OH4MV7E3-C5Qw79QP.js
[90m│[39m  76.14 kB │ gzip:  27.39 kB
[90m│[39m  ../../../../var/folders/5_/mzldl1j933qdy7vqt3gvxlvw0000gn/T/chromatic--14014-04dudo7l88d2/assets/DocsRenderer-LL677BLK-C3mKm1VN.js
[90m│[39m  361.80 kB │ gzip: 114.29 kB
[90m│[39m  ../../../../var/folders/5_/mzldl1j933qdy7vqt3gvxlvw0000gn/T/chromatic--14014-04dudo7l88d2/assets/components-Diy1RzYZ.js
[90m│[39m  543.70 kB │ gzip: 173.03 kB
[90m│[39m  ../../../../var/folders/5_/mzldl1j933qdy7vqt3gvxlvw0000gn/T/chromatic--14014-04dudo7l88d2/assets/axe-3wdvCDv9.js
[90m│[39m  571.03 kB │ gzip: 155.75 kB
[90m│[39m  ../../../../var/folders/5_/mzldl1j933qdy7vqt3gvxlvw0000gn/T/chromatic--14014-04dudo7l88d2/assets/iframe-DdWhYNb0.js
[90m│[39m  821.03 kB │ gzip: 228.17 kB

[90m│[39m
[33m▲[39m  [43mVite[49m [33m[plugin builtin:vite-reporter]
[90m│[39m  (!) Some chunks are larger than 500 kB after minification. Consider:
[90m│[39m  - Using dynamic import() to code-split the application
[90m│[39m  - Use build.rolldownOptions.output.codeSplitting to improve chunking:
[90m│[39m  https://rolldown.rs/reference/OutputOptions.codeSplitting
[90m│[39m  - Adjust chunk size limit for this warning via
[90m│[39m  build.chunkSizeWarningLimit.[39m
[90m│[39m  [43mVite[49m [32m✓ built in 452ms[39m
[90m│[39m
[32m◇[39m  Output directory:
[90m│[39m  /var/folders/5_/mzldl1j933qdy7vqt3gvxlvw0000gn/T/chromatic--14014-04dudo7l88d2
[90m│[39m
[90m└[39m  Storybook build completed successfully

