[14:57:16.104] [INFO] storybook v10.3.5
[14:57:16.278] [DEBUG] Getting package.json info for /Users/ryokoiida/Desktop/my-storybook/package.json...
[14:57:16.281] [WARN] You are currently using Storybook [1m10.3.5[22m but you have packages which are incompatible with it:

- @storybook/components@8.6.14 which depends on ^8.2.0 || ^8.3.0-0 || ^8.4.0-0 || ^8.5.0-0 || ^8.6.0-0
 Repo: https://github.com/storybookjs/storybook/tree/next/code/deprecated/components
- @storybook/core-events@8.6.14 which depends on ^8.2.0 || ^8.3.0-0 || ^8.4.0-0 || ^8.5.0-0 || ^8.6.0-0
 Repo: https://github.com/storybookjs/storybook/tree/next/code/lib/core-events
- @storybook/theming@8.6.14 which depends on ^8.2.0 || ^8.3.0-0 || ^8.4.0-0 || ^8.5.0-0 || ^8.6.0-0
 Repo: https://github.com/storybookjs/storybook/tree/next/code/lib/theming

Please consider updating your packages or contacting the maintainers for compatibility details.

For more details on compatibility guidance, see:
https://github.com/storybookjs/storybook/issues/32836
[14:57:16.876] [DEBUG] Serving static files from [36mnode_modules/@chromatic-com/storybook/assets[39m at [36m/addon-visual-tests-assets[39m
[14:57:16.876] [INFO] Starting...
[14:57:17.046] [ERROR] [38;2;241;97;97mError: Build failed with 3 errors:
node_modules/storybook-addon-designs/esm/register/containers/Wrapper.js:2:48: ERROR: Could not resolve "@storybook/api"
node_modules/storybook-addon-designs/esm/register/index.js:1:30: ERROR: Could not resolve "@storybook/addons"
node_modules/storybook-addon-designs/esm/register/index.js:2:29: ERROR: Could not resolve "@storybook/api"[39m
    at failureErrorWithLog (./node_modules/esbuild/lib/main.js:1748:15)
    at ./node_modules/esbuild/lib/main.js:1207:25
    at runOnEndCallbacks (./node_modules/esbuild/lib/main.js:1588:45)
    at buildResponseToResult (./node_modules/esbuild/lib/main.js:1205:7)
    at ./node_modules/esbuild/lib/main.js:1232:16
    at responseCallbacks.<computed> (./node_modules/esbuild/lib/main.js:884:9)
    at handleIncomingPacket (./node_modules/esbuild/lib/main.js:939:12)
    at Socket.readFromStdout (./node_modules/esbuild/lib/main.js:862:7)
    at Socket.emit (node:events:509:20)
    at addChunk (node:internal/streams/readable:564:12)
[14:57:17.047] [WARN] Broken build, fix the error above.
You may need to refresh the browser.